<?xml version="1.0" encoding="UTF-8"?>
<!-- Generated by org.testng.reporters.JUnitXMLReporter -->
<testsuite ignored="0" hostname="Leonardos-MacBook-Pro.local" failures="0" tests="4" name="Command line test" time="0.247" errors="0" timestamp="13 Jun 2018 03:36:13 GMT">
  <testcase classname="com.lambdasys.iot.mqtt.client.entities.login.LoginRequestMessageTest" name="testDeserialize" time="0.167"/>
  <testcase classname="com.lambdasys.iot.mqtt.client.entities.login.LoginRequestMessageTest" name="testSerialize" time="0.019"/>
  <testcase classname="com.lambdasys.iot.mqtt.client.entities.login.LoginResponseMessageTest" name="testDeserialize" time="0.01"/>
  <testcase classname="com.lambdasys.iot.mqtt.client.entities.login.LoginResponseMessageTest" name="testSerialize" time="0.012"/>
</testsuite> <!-- Command line test -->
