-------------------------------------------------------------------------------
Test set: TestSuite
-------------------------------------------------------------------------------
Tests run: 26, Failures: 10, Errors: 0, Skipped: 0, Time elapsed: 2.586 sec <<< FAILURE!
testDeserialize(com.lambdasys.iot.mqtt.client.entities.alarm.AccelerAlarmInformationMessageTest)  Time elapsed: 0.148 sec  <<< FAILURE!
com.fasterxml.jackson.databind.exc.MismatchedInputException: Missing property 'type' for external type id 'type'
 at [Source: (String)"{ "type": "acceler", "eventTime": "2017-05-03T08:57:11Z" , "data": { "lat" : 114.05540500000001 , "lon" : 22.66381333333333 , "trip_sn" : 12345} }"; line: 1, column: 146]
	at com.fasterxml.jackson.databind.exc.MismatchedInputException.from(MismatchedInputException.java:63)
	at com.fasterxml.jackson.databind.DeserializationContext.reportInputMismatch(DeserializationContext.java:1342)
	at com.fasterxml.jackson.databind.deser.impl.ExternalTypeHandler.complete(ExternalTypeHandler.java:240)
	at com.fasterxml.jackson.databind.deser.BeanDeserializer.deserializeWithExternalTypeId(BeanDeserializer.java:910)
	at com.fasterxml.jackson.databind.deser.BeanDeserializer.deserializeWithExternalTypeId(BeanDeserializer.java:858)
	at com.fasterxml.jackson.databind.deser.BeanDeserializer.deserializeFromObject(BeanDeserializer.java:324)
	at com.fasterxml.jackson.databind.deser.BeanDeserializer.deserialize(BeanDeserializer.java:159)
	at com.fasterxml.jackson.databind.ObjectMapper._readMapAndClose(ObjectMapper.java:4001)
	at com.fasterxml.jackson.databind.ObjectMapper.readValue(ObjectMapper.java:2992)
	at com.lambdasys.iot.mqtt.client.entities.Message.deserialize(Message.java:53)
	at com.lambdasys.iot.mqtt.client.entities.alarm.AccelerAlarmInformationMessageTest.testDeserialize(AccelerAlarmInformationMessageTest.java:71)

testDeserialize(com.lambdasys.iot.mqtt.client.entities.alarm.AlarmInfomationMessageTest)  Time elapsed: 0.096 sec  <<< FAILURE!
org.testng.TestNGException: 
Method public void com.lambdasys.iot.mqtt.client.entities.alarm.AlarmInfomationMessageTest.testDeserialize(java.lang.String) throws java.io.IOException requires a @DataProvider named : dataProviderJson
	at org.testng.internal.Parameters.findDataProvider(Parameters.java:513)
	at org.testng.internal.Parameters.handleParameters(Parameters.java:691)
	at org.testng.internal.ParameterHandler.handleParameters(ParameterHandler.java:49)
	at org.testng.internal.ParameterHandler.createParameters(ParameterHandler.java:37)
	at org.testng.internal.Invoker.invokeTestMethods(Invoker.java:924)
	at org.testng.internal.TestMethodWorker.invokeTestMethods(TestMethodWorker.java:125)
	at org.testng.internal.TestMethodWorker.run(TestMethodWorker.java:109)
	at org.testng.TestRunner.privateRun(TestRunner.java:648)
	at org.testng.TestRunner.run(TestRunner.java:505)
	at org.testng.SuiteRunner.runTest(SuiteRunner.java:455)
	at org.testng.SuiteRunner.runSequentially(SuiteRunner.java:450)
	at org.testng.SuiteRunner.privateRun(SuiteRunner.java:415)
	at org.testng.SuiteRunner.run(SuiteRunner.java:364)
	at org.testng.SuiteRunnerWorker.runSuite(SuiteRunnerWorker.java:52)
	at org.testng.SuiteRunnerWorker.run(SuiteRunnerWorker.java:84)
	at org.testng.TestNG.runSuitesSequentially(TestNG.java:1208)
	at org.testng.TestNG.runSuitesLocally(TestNG.java:1137)
	at org.testng.TestNG.runSuites(TestNG.java:1049)
	at org.testng.TestNG.run(TestNG.java:1017)
	at org.apache.maven.surefire.testng.TestNGExecutor.run(TestNGExecutor.java:77)
	at org.apache.maven.surefire.testng.TestNGDirectoryTestSuite.executeMulti(TestNGDirectoryTestSuite.java:159)
	at org.apache.maven.surefire.testng.TestNGDirectoryTestSuite.execute(TestNGDirectoryTestSuite.java:99)
	at org.apache.maven.surefire.testng.TestNGProvider.invoke(TestNGProvider.java:106)
	at java.base/jdk.internal.reflect.NativeMethodAccessorImpl.invoke0(Native Method)
	at java.base/jdk.internal.reflect.NativeMethodAccessorImpl.invoke(NativeMethodAccessorImpl.java:62)
	at java.base/jdk.internal.reflect.DelegatingMethodAccessorImpl.invoke(DelegatingMethodAccessorImpl.java:43)
	at java.base/java.lang.reflect.Method.invoke(Method.java:564)
	at org.apache.maven.surefire.util.ReflectionUtils.invokeMethodWithArray(ReflectionUtils.java:189)
	at org.apache.maven.surefire.booter.ProviderFactory$ProviderProxy.invoke(ProviderFactory.java:165)
	at org.apache.maven.surefire.booter.ProviderFactory.invokeProvider(ProviderFactory.java:85)
	at org.apache.maven.surefire.booter.ForkedBooter.runSuitesInProcess(ForkedBooter.java:115)
	at org.apache.maven.surefire.booter.ForkedBooter.main(ForkedBooter.java:75)

testSerialize(com.lambdasys.iot.mqtt.client.entities.alarm.AlarmInfomationMessageTest)  Time elapsed: 0.108 sec  <<< FAILURE!
org.testng.TestNGException: 
Method public void com.lambdasys.iot.mqtt.client.entities.alarm.AlarmInfomationMessageTest.testSerialize(com.lambdasys.iot.mqtt.client.entities.alarm.AlarmMessagePayload) throws com.fasterxml.jackson.core.JsonProcessingException requires a @DataProvider named : dataProviderObject
	at org.testng.internal.Parameters.findDataProvider(Parameters.java:513)
	at org.testng.internal.Parameters.handleParameters(Parameters.java:691)
	at org.testng.internal.ParameterHandler.handleParameters(ParameterHandler.java:49)
	at org.testng.internal.ParameterHandler.createParameters(ParameterHandler.java:37)
	at org.testng.internal.Invoker.invokeTestMethods(Invoker.java:924)
	at org.testng.internal.TestMethodWorker.invokeTestMethods(TestMethodWorker.java:125)
	at org.testng.internal.TestMethodWorker.run(TestMethodWorker.java:109)
	at org.testng.TestRunner.privateRun(TestRunner.java:648)
	at org.testng.TestRunner.run(TestRunner.java:505)
	at org.testng.SuiteRunner.runTest(SuiteRunner.java:455)
	at org.testng.SuiteRunner.runSequentially(SuiteRunner.java:450)
	at org.testng.SuiteRunner.privateRun(SuiteRunner.java:415)
	at org.testng.SuiteRunner.run(SuiteRunner.java:364)
	at org.testng.SuiteRunnerWorker.runSuite(SuiteRunnerWorker.java:52)
	at org.testng.SuiteRunnerWorker.run(SuiteRunnerWorker.java:84)
	at org.testng.TestNG.runSuitesSequentially(TestNG.java:1208)
	at org.testng.TestNG.runSuitesLocally(TestNG.java:1137)
	at org.testng.TestNG.runSuites(TestNG.java:1049)
	at org.testng.TestNG.run(TestNG.java:1017)
	at org.apache.maven.surefire.testng.TestNGExecutor.run(TestNGExecutor.java:77)
	at org.apache.maven.surefire.testng.TestNGDirectoryTestSuite.executeMulti(TestNGDirectoryTestSuite.java:159)
	at org.apache.maven.surefire.testng.TestNGDirectoryTestSuite.execute(TestNGDirectoryTestSuite.java:99)
	at org.apache.maven.surefire.testng.TestNGProvider.invoke(TestNGProvider.java:106)
	at java.base/jdk.internal.reflect.NativeMethodAccessorImpl.invoke0(Native Method)
	at java.base/jdk.internal.reflect.NativeMethodAccessorImpl.invoke(NativeMethodAccessorImpl.java:62)
	at java.base/jdk.internal.reflect.DelegatingMethodAccessorImpl.invoke(DelegatingMethodAccessorImpl.java:43)
	at java.base/java.lang.reflect.Method.invoke(Method.java:564)
	at org.apache.maven.surefire.util.ReflectionUtils.invokeMethodWithArray(ReflectionUtils.java:189)
	at org.apache.maven.surefire.booter.ProviderFactory$ProviderProxy.invoke(ProviderFactory.java:165)
	at org.apache.maven.surefire.booter.ProviderFactory.invokeProvider(ProviderFactory.java:85)
	at org.apache.maven.surefire.booter.ForkedBooter.runSuitesInProcess(ForkedBooter.java:115)
	at org.apache.maven.surefire.booter.ForkedBooter.main(ForkedBooter.java:75)

testDeserialize(com.lambdasys.iot.mqtt.client.entities.alarm.CarMoveAlarmInformationMessageTest)  Time elapsed: 0.008 sec  <<< FAILURE!
com.fasterxml.jackson.databind.exc.MismatchedInputException: Missing property 'type' for external type id 'type'
 at [Source: (String)"{ "type": "dcceler", "eventTime": "2017-05-03T08:57:11Z" , "data": { "lat" : 114.05540500000001 , "lon" : 22.66381333333333 , "trip_sn" : 12345} }"; line: 1, column: 146]
	at com.fasterxml.jackson.databind.exc.MismatchedInputException.from(MismatchedInputException.java:63)
	at com.fasterxml.jackson.databind.DeserializationContext.reportInputMismatch(DeserializationContext.java:1342)
	at com.fasterxml.jackson.databind.deser.impl.ExternalTypeHandler.complete(ExternalTypeHandler.java:240)
	at com.fasterxml.jackson.databind.deser.BeanDeserializer.deserializeWithExternalTypeId(BeanDeserializer.java:910)
	at com.fasterxml.jackson.databind.deser.BeanDeserializer.deserializeWithExternalTypeId(BeanDeserializer.java:858)
	at com.fasterxml.jackson.databind.deser.BeanDeserializer.deserializeFromObject(BeanDeserializer.java:324)
	at com.fasterxml.jackson.databind.deser.BeanDeserializer.deserialize(BeanDeserializer.java:159)
	at com.fasterxml.jackson.databind.ObjectMapper._readMapAndClose(ObjectMapper.java:4001)
	at com.fasterxml.jackson.databind.ObjectMapper.readValue(ObjectMapper.java:2992)
	at com.lambdasys.iot.mqtt.client.entities.Message.deserialize(Message.java:53)
	at com.lambdasys.iot.mqtt.client.entities.alarm.CarMoveAlarmInformationMessageTest.testDeserialize(CarMoveAlarmInformationMessageTest.java:71)

testDeserialize(com.lambdasys.iot.mqtt.client.entities.alarm.DccelerAlarmInformationMessageTest)  Time elapsed: 0.039 sec  <<< FAILURE!
com.fasterxml.jackson.databind.exc.MismatchedInputException: Missing property 'type' for external type id 'type'
 at [Source: (String)"{ "type": "dcceler", "eventTime": "2017-05-03T08:57:11Z" , "data": { "lat" : 114.05540500000001 , "lon" : 22.66381333333333 , "trip_sn" : 12345} }"; line: 1, column: 146]
	at com.fasterxml.jackson.databind.exc.MismatchedInputException.from(MismatchedInputException.java:63)
	at com.fasterxml.jackson.databind.DeserializationContext.reportInputMismatch(DeserializationContext.java:1342)
	at com.fasterxml.jackson.databind.deser.impl.ExternalTypeHandler.complete(ExternalTypeHandler.java:240)
	at com.fasterxml.jackson.databind.deser.BeanDeserializer.deserializeWithExternalTypeId(BeanDeserializer.java:910)
	at com.fasterxml.jackson.databind.deser.BeanDeserializer.deserializeWithExternalTypeId(BeanDeserializer.java:858)
	at com.fasterxml.jackson.databind.deser.BeanDeserializer.deserializeFromObject(BeanDeserializer.java:324)
	at com.fasterxml.jackson.databind.deser.BeanDeserializer.deserialize(BeanDeserializer.java:159)
	at com.fasterxml.jackson.databind.ObjectMapper._readMapAndClose(ObjectMapper.java:4001)
	at com.fasterxml.jackson.databind.ObjectMapper.readValue(ObjectMapper.java:2992)
	at com.lambdasys.iot.mqtt.client.entities.Message.deserialize(Message.java:53)
	at com.lambdasys.iot.mqtt.client.entities.alarm.DccelerAlarmInformationMessageTest.testDeserialize(DccelerAlarmInformationMessageTest.java:71)

testDeserialize(com.lambdasys.iot.mqtt.client.entities.alarm.MoveCollisionAlarmInformationMessageTest)  Time elapsed: 0.009 sec  <<< FAILURE!
com.fasterxml.jackson.databind.exc.UnrecognizedPropertyException: Unrecognized field "gensorValue" (class com.lambdasys.iot.mqtt.client.entities.alarm.AlarmDataMessagePayload), not marked as ignorable (3 known properties: "lon", "trip_sn", "lat"])
 at [Source: (String)"{ "type": "moveCollision", "eventTime": "2017-05-03T08:57:11Z" , "data": { "gensorValue": 101.22 , "lat" : 114.05540500000001 , "lon" : 22.66381333333333 , "trip_sn" : 12345} }"; line: 1, column: 97] (through reference chain: com.lambdasys.iot.mqtt.client.entities.alarm.AlarmMessagePayload["data"]->com.lambdasys.iot.mqtt.client.entities.alarm.AlarmDataMessagePayload["gensorValue"])
	at com.fasterxml.jackson.databind.exc.UnrecognizedPropertyException.from(UnrecognizedPropertyException.java:61)
	at com.fasterxml.jackson.databind.DeserializationContext.handleUnknownProperty(DeserializationContext.java:822)
	at com.fasterxml.jackson.databind.deser.std.StdDeserializer.handleUnknownProperty(StdDeserializer.java:1152)
	at com.fasterxml.jackson.databind.deser.BeanDeserializerBase.handleUnknownProperty(BeanDeserializerBase.java:1582)
	at com.fasterxml.jackson.databind.deser.BeanDeserializerBase.handleUnknownVanilla(BeanDeserializerBase.java:1560)
	at com.fasterxml.jackson.databind.deser.BeanDeserializer.vanillaDeserialize(BeanDeserializer.java:294)
	at com.fasterxml.jackson.databind.deser.BeanDeserializer.deserialize(BeanDeserializer.java:151)
	at com.fasterxml.jackson.databind.deser.impl.MethodProperty.deserializeAndSet(MethodProperty.java:127)
	at com.fasterxml.jackson.databind.deser.BeanDeserializer.deserializeWithExternalTypeId(BeanDeserializer.java:882)
	at com.fasterxml.jackson.databind.deser.BeanDeserializer.deserializeWithExternalTypeId(BeanDeserializer.java:858)
	at com.fasterxml.jackson.databind.deser.BeanDeserializer.deserializeFromObject(BeanDeserializer.java:324)
	at com.fasterxml.jackson.databind.deser.BeanDeserializer.deserialize(BeanDeserializer.java:159)
	at com.fasterxml.jackson.databind.ObjectMapper._readMapAndClose(ObjectMapper.java:4001)
	at com.fasterxml.jackson.databind.ObjectMapper.readValue(ObjectMapper.java:2992)
	at com.lambdasys.iot.mqtt.client.entities.Message.deserialize(Message.java:53)
	at com.lambdasys.iot.mqtt.client.entities.alarm.MoveCollisionAlarmInformationMessageTest.testDeserialize(MoveCollisionAlarmInformationMessageTest.java:72)

testDeserialize(com.lambdasys.iot.mqtt.client.entities.alarm.ShakeAlarmInformationMessageTest)  Time elapsed: 0.006 sec  <<< FAILURE!
com.fasterxml.jackson.databind.exc.UnrecognizedPropertyException: Unrecognized field "gensorValue" (class com.lambdasys.iot.mqtt.client.entities.alarm.AlarmDataMessagePayload), not marked as ignorable (3 known properties: "lon", "trip_sn", "lat"])
 at [Source: (String)"{ "type": "shake", "eventTime": "2017-05-03T08:57:11Z" , "data": { "gensorValue": 101.22 , "lat" : 114.05540500000001 , "lon" : 22.66381333333333 , "trip_sn" : 12345} }"; line: 1, column: 89] (through reference chain: com.lambdasys.iot.mqtt.client.entities.alarm.AlarmMessagePayload["data"]->com.lambdasys.iot.mqtt.client.entities.alarm.AlarmDataMessagePayload["gensorValue"])
	at com.fasterxml.jackson.databind.exc.UnrecognizedPropertyException.from(UnrecognizedPropertyException.java:61)
	at com.fasterxml.jackson.databind.DeserializationContext.handleUnknownProperty(DeserializationContext.java:822)
	at com.fasterxml.jackson.databind.deser.std.StdDeserializer.handleUnknownProperty(StdDeserializer.java:1152)
	at com.fasterxml.jackson.databind.deser.BeanDeserializerBase.handleUnknownProperty(BeanDeserializerBase.java:1582)
	at com.fasterxml.jackson.databind.deser.BeanDeserializerBase.handleUnknownVanilla(BeanDeserializerBase.java:1560)
	at com.fasterxml.jackson.databind.deser.BeanDeserializer.vanillaDeserialize(BeanDeserializer.java:294)
	at com.fasterxml.jackson.databind.deser.BeanDeserializer.deserialize(BeanDeserializer.java:151)
	at com.fasterxml.jackson.databind.deser.impl.MethodProperty.deserializeAndSet(MethodProperty.java:127)
	at com.fasterxml.jackson.databind.deser.BeanDeserializer.deserializeWithExternalTypeId(BeanDeserializer.java:882)
	at com.fasterxml.jackson.databind.deser.BeanDeserializer.deserializeWithExternalTypeId(BeanDeserializer.java:858)
	at com.fasterxml.jackson.databind.deser.BeanDeserializer.deserializeFromObject(BeanDeserializer.java:324)
	at com.fasterxml.jackson.databind.deser.BeanDeserializer.deserialize(BeanDeserializer.java:159)
	at com.fasterxml.jackson.databind.ObjectMapper._readMapAndClose(ObjectMapper.java:4001)
	at com.fasterxml.jackson.databind.ObjectMapper.readValue(ObjectMapper.java:2992)
	at com.lambdasys.iot.mqtt.client.entities.Message.deserialize(Message.java:53)
	at com.lambdasys.iot.mqtt.client.entities.alarm.ShakeAlarmInformationMessageTest.testDeserialize(ShakeAlarmInformationMessageTest.java:72)

testDeserialize(com.lambdasys.iot.mqtt.client.entities.alarm.TurnAlarmInformationMessageTest)  Time elapsed: 0.009 sec  <<< FAILURE!
com.fasterxml.jackson.databind.exc.UnrecognizedPropertyException: Unrecognized field "gensorValue" (class com.lambdasys.iot.mqtt.client.entities.alarm.AlarmDataMessagePayload), not marked as ignorable (3 known properties: "lon", "trip_sn", "lat"])
 at [Source: (String)"{ "type": "turn", "eventTime": "2017-05-03T08:57:11Z" , "data": { "gensorValue": 101.22 , "lat" : 114.05540500000001 , "lon" : 22.66381333333333 , "trip_sn" : 12345} }"; line: 1, column: 88] (through reference chain: com.lambdasys.iot.mqtt.client.entities.alarm.AlarmMessagePayload["data"]->com.lambdasys.iot.mqtt.client.entities.alarm.AlarmDataMessagePayload["gensorValue"])
	at com.fasterxml.jackson.databind.exc.UnrecognizedPropertyException.from(UnrecognizedPropertyException.java:61)
	at com.fasterxml.jackson.databind.DeserializationContext.handleUnknownProperty(DeserializationContext.java:822)
	at com.fasterxml.jackson.databind.deser.std.StdDeserializer.handleUnknownProperty(StdDeserializer.java:1152)
	at com.fasterxml.jackson.databind.deser.BeanDeserializerBase.handleUnknownProperty(BeanDeserializerBase.java:1582)
	at com.fasterxml.jackson.databind.deser.BeanDeserializerBase.handleUnknownVanilla(BeanDeserializerBase.java:1560)
	at com.fasterxml.jackson.databind.deser.BeanDeserializer.vanillaDeserialize(BeanDeserializer.java:294)
	at com.fasterxml.jackson.databind.deser.BeanDeserializer.deserialize(BeanDeserializer.java:151)
	at com.fasterxml.jackson.databind.deser.impl.MethodProperty.deserializeAndSet(MethodProperty.java:127)
	at com.fasterxml.jackson.databind.deser.BeanDeserializer.deserializeWithExternalTypeId(BeanDeserializer.java:882)
	at com.fasterxml.jackson.databind.deser.BeanDeserializer.deserializeWithExternalTypeId(BeanDeserializer.java:858)
	at com.fasterxml.jackson.databind.deser.BeanDeserializer.deserializeFromObject(BeanDeserializer.java:324)
	at com.fasterxml.jackson.databind.deser.BeanDeserializer.deserialize(BeanDeserializer.java:159)
	at com.fasterxml.jackson.databind.ObjectMapper._readMapAndClose(ObjectMapper.java:4001)
	at com.fasterxml.jackson.databind.ObjectMapper.readValue(ObjectMapper.java:2992)
	at com.lambdasys.iot.mqtt.client.entities.Message.deserialize(Message.java:53)
	at com.lambdasys.iot.mqtt.client.entities.alarm.TurnAlarmInformationMessageTest.testDeserialize(TurnAlarmInformationMessageTest.java:63)

testDeserialize(com.lambdasys.iot.mqtt.client.entities.alarm.WaterAlarmInformationMessageTest)  Time elapsed: 0.027 sec  <<< FAILURE!
com.fasterxml.jackson.databind.exc.UnrecognizedPropertyException: Unrecognized field "waterValue" (class com.lambdasys.iot.mqtt.client.entities.alarm.AlarmDataMessagePayload), not marked as ignorable (3 known properties: "lon", "trip_sn", "lat"])
 at [Source: (String)"{ "type": "water", "eventTime": "2017-05-03T08:57:11Z" , "data": { "waterValue": 101.22 , "lat" : 114.05540500000001 , "lon" : 22.66381333333333 , "trip_sn" : 12345} }"; line: 1, column: 88] (through reference chain: com.lambdasys.iot.mqtt.client.entities.alarm.AlarmMessagePayload["data"]->com.lambdasys.iot.mqtt.client.entities.alarm.AlarmDataMessagePayload["waterValue"])
	at com.fasterxml.jackson.databind.exc.UnrecognizedPropertyException.from(UnrecognizedPropertyException.java:61)
	at com.fasterxml.jackson.databind.DeserializationContext.handleUnknownProperty(DeserializationContext.java:822)
	at com.fasterxml.jackson.databind.deser.std.StdDeserializer.handleUnknownProperty(StdDeserializer.java:1152)
	at com.fasterxml.jackson.databind.deser.BeanDeserializerBase.handleUnknownProperty(BeanDeserializerBase.java:1582)
	at com.fasterxml.jackson.databind.deser.BeanDeserializerBase.handleUnknownVanilla(BeanDeserializerBase.java:1560)
	at com.fasterxml.jackson.databind.deser.BeanDeserializer.vanillaDeserialize(BeanDeserializer.java:294)
	at com.fasterxml.jackson.databind.deser.BeanDeserializer.deserialize(BeanDeserializer.java:151)
	at com.fasterxml.jackson.databind.deser.impl.MethodProperty.deserializeAndSet(MethodProperty.java:127)
	at com.fasterxml.jackson.databind.deser.BeanDeserializer.deserializeWithExternalTypeId(BeanDeserializer.java:882)
	at com.fasterxml.jackson.databind.deser.BeanDeserializer.deserializeWithExternalTypeId(BeanDeserializer.java:858)
	at com.fasterxml.jackson.databind.deser.BeanDeserializer.deserializeFromObject(BeanDeserializer.java:324)
	at com.fasterxml.jackson.databind.deser.BeanDeserializer.deserialize(BeanDeserializer.java:159)
	at com.fasterxml.jackson.databind.ObjectMapper._readMapAndClose(ObjectMapper.java:4001)
	at com.fasterxml.jackson.databind.ObjectMapper.readValue(ObjectMapper.java:2992)
	at com.lambdasys.iot.mqtt.client.entities.Message.deserialize(Message.java:53)
	at com.lambdasys.iot.mqtt.client.entities.alarm.WaterAlarmInformationMessageTest.testDeserialize(WaterAlarmInformationMessageTest.java:73)

testDeserialize(com.lambdasys.iot.mqtt.client.entities.data.DataStreamMessageTest)  Time elapsed: 0.008 sec  <<< FAILURE!
com.fasterxml.jackson.databind.exc.MismatchedInputException: Cannot deserialize instance of `com.lambdasys.iot.mqtt.client.entities.data.DataStreamMessagePayload[]` out of START_OBJECT token
 at [Source: (String)"{ "imei": "7997444561", "serialNumber": "7997444561", "sim": "34234324", "swVersion": "EN_0.21-8.25-8.5.0-16.64" }"; line: 1, column: 1]
	at com.fasterxml.jackson.databind.exc.MismatchedInputException.from(MismatchedInputException.java:63)
	at com.fasterxml.jackson.databind.DeserializationContext.reportInputMismatch(DeserializationContext.java:1342)
	at com.fasterxml.jackson.databind.DeserializationContext.handleUnexpectedToken(DeserializationContext.java:1138)
	at com.fasterxml.jackson.databind.DeserializationContext.handleUnexpectedToken(DeserializationContext.java:1092)
	at com.fasterxml.jackson.databind.deser.std.ObjectArrayDeserializer.handleNonArray(ObjectArrayDeserializer.java:330)
	at com.fasterxml.jackson.databind.deser.std.ObjectArrayDeserializer.deserialize(ObjectArrayDeserializer.java:175)
	at com.fasterxml.jackson.databind.deser.std.ObjectArrayDeserializer.deserialize(ObjectArrayDeserializer.java:21)
	at com.fasterxml.jackson.databind.ObjectMapper._readMapAndClose(ObjectMapper.java:4001)
	at com.fasterxml.jackson.databind.ObjectMapper.readValue(ObjectMapper.java:2992)
	at com.lambdasys.iot.mqtt.client.entities.Message.deserialize(Message.java:53)
	at com.lambdasys.iot.mqtt.client.entities.data.DataStreamMessageTest.testDeserialize(DataStreamMessageTest.java:59)

